<?xml version="1.0" encoding="UTF-8"?>
<!-- Generated by org.testng.reporters.JUnitXMLReporter -->
<testsuite ignored="0" hostname="LAPTOP-GS433NK9" failures="1" tests="1" name="Test" time="6.171" errors="0" timestamp="2023-06-15T09:19:04 IST">
  <testcase classname="Loginpagetest.Logintest" name="loggedin" time="1.36">
    <failure type="java.lang.NumberFormatException" message="For input string: &amp;quot;$7.99&amp;quot;">
      <![CDATA[java.lang.NumberFormatException: For input string: "$7.99"
at java.base/java.lang.NumberFormatException.forInputString(NumberFormatException.java:67)
at java.base/java.lang.Integer.parseInt(Integer.java:646)
at java.base/java.lang.Integer.parseInt(Integer.java:778)
at Loginpagetest.Logintest.loggedin(Logintest.java:34)
at java.base/java.util.ArrayList.forEach(ArrayList.java:1511)
... Removed 27 stack frames]]>
    </failure>
  </testcase> <!-- loggedin -->
</testsuite> <!-- Test -->
